2022-01-16 11:03:22,688:INFO:Initializing load_model()
2022-01-16 11:03:22,688:INFO:load_model(model_name=model, platform=None, authentication=None, verbose=True)
2022-01-16 11:04:08,197:INFO:Initializing load_model()
2022-01-16 11:04:08,201:INFO:load_model(model_name=model, platform=None, authentication=None, verbose=True)
2022-01-16 11:04:09,183:INFO:Initializing load_model()
2022-01-16 11:04:09,183:INFO:load_model(model_name=model, platform=None, authentication=None, verbose=True)
2022-01-16 11:04:31,990:INFO:Initializing load_model()
2022-01-16 11:04:31,990:INFO:load_model(model_name=model, platform=None, authentication=None, verbose=True)
2022-01-16 11:04:32,071:INFO:Initializing predict_model()
2022-01-16 11:04:32,071:INFO:predict_model(estimator=Pipeline(steps=[('dtypes',
                 DataTypes_Auto_infer(ml_usecase='classification',
                                      numerical_features=['yearsAtCompany'],
                                      target='turnover')),
                ('imputer',
                 Simple_Imputer(categorical_strategy='not_available',
                                fill_value_categorical=None,
                                fill_value_numerical=None,
                                numeric_strategy='mean',
                                target_variable=None)),
                ('new_levels1',
                 New_Catagorical_Levels_in_TestData(rep...
                ('rem_outliers', 'passthrough'), ('cluster_all', 'passthrough'),
                ('dummy', Dummify(target='turnover')),
                ('fix_perfect', Remove_100(target='turnover')),
                ('clean_names', Clean_Colum_Names()),
                ('feature_select', 'passthrough'), ('fix_multi', 'passthrough'),
                ('dfs', 'passthrough'), ('pca', 'passthrough'),
                ['trained_model',
                 GradientBoostingClassifier(random_state=1389)]]), probability_threshold=None, encoded_labels=False, round=4, verbose=True, ml_usecase=MLUsecase.CLASSIFICATION, display=None)
2022-01-16 11:04:32,071:INFO:Checking exceptions
2022-01-16 11:04:32,071:INFO:Preloading libraries
2022-01-16 11:05:06,952:INFO:Initializing load_model()
2022-01-16 11:05:06,952:INFO:load_model(model_name=model, platform=None, authentication=None, verbose=True)
2022-01-16 11:05:11,407:INFO:Initializing load_model()
2022-01-16 11:05:11,411:INFO:load_model(model_name=model, platform=None, authentication=None, verbose=True)
2022-01-16 11:05:17,085:INFO:Initializing load_model()
2022-01-16 11:05:17,085:INFO:load_model(model_name=model, platform=None, authentication=None, verbose=True)
2022-01-16 11:05:19,827:INFO:Initializing load_model()
2022-01-16 11:05:19,827:INFO:load_model(model_name=model, platform=None, authentication=None, verbose=True)
2022-01-16 11:05:20,608:INFO:Initializing load_model()
2022-01-16 11:05:20,608:INFO:load_model(model_name=model, platform=None, authentication=None, verbose=True)
2022-01-16 11:05:20,679:INFO:Initializing predict_model()
2022-01-16 11:05:20,679:INFO:predict_model(estimator=Pipeline(steps=[('dtypes',
                 DataTypes_Auto_infer(ml_usecase='classification',
                                      numerical_features=['yearsAtCompany'],
                                      target='turnover')),
                ('imputer',
                 Simple_Imputer(categorical_strategy='not_available',
                                fill_value_categorical=None,
                                fill_value_numerical=None,
                                numeric_strategy='mean',
                                target_variable=None)),
                ('new_levels1',
                 New_Catagorical_Levels_in_TestData(rep...
                ('rem_outliers', 'passthrough'), ('cluster_all', 'passthrough'),
                ('dummy', Dummify(target='turnover')),
                ('fix_perfect', Remove_100(target='turnover')),
                ('clean_names', Clean_Colum_Names()),
                ('feature_select', 'passthrough'), ('fix_multi', 'passthrough'),
                ('dfs', 'passthrough'), ('pca', 'passthrough'),
                ['trained_model',
                 GradientBoostingClassifier(random_state=1389)]]), probability_threshold=None, encoded_labels=False, round=4, verbose=True, ml_usecase=MLUsecase.CLASSIFICATION, display=None)
2022-01-16 11:05:20,683:INFO:Checking exceptions
2022-01-16 11:05:20,683:INFO:Preloading libraries
